INFO:Monitor:Start connecting to server, ssd02:5672
INFO:Monitor:Successfully connected to MQ
DEBUG:amqp:Start from server, version: 0.9, properties: {'information': 'Licensed under the MPL.  See http://www.rabbitmq.com/', 'product': 'RabbitMQ', 'copyright': 'Copyright (C) 2007-2014 GoPivotal, Inc.', 'capabilities': {'exchange_exchange_bindings': True, 'connection.blocked': True, 'authentication_failure_close': True, 'basic.nack': True, 'per_consumer_qos': True, 'consumer_priorities': True, 'consumer_cancel_notify': True, 'publisher_confirms': True}, 'cluster_name': 'rabbit@ssd02.dbg.private', 'platform': 'Erlang/OTP', 'version': '3.3.5'}, mechanisms: ['AMQPLAIN', 'PLAIN'], locales: [u'en_US']
DEBUG:amqp:using channel_id: 1
DEBUG:amqp:Channel open
DEBUG:Monitor:Receive msg from ssd08_2222 type: DeRegisterComputeNode
ERROR:Monitor:No compute node with id "ssd08_2222"
Traceback (most recent call last):
  File "monitor.py", line 127, in message_handler
    self.message_logic(message)
  File "monitor.py", line 149, in message_logic
    self.handle_deregister_compute_node(message_obj)
  File "monitor.py", line 491, in handle_deregister_compute_node
    self.compute_node_manager.remove_compute_node(compute_node_id)
  File "monitor.py", line 653, in remove_compute_node
    compute_node_obj = self.get_compute_node_by_id(compute_node_id)
  File "monitor.py", line 641, in get_compute_node_by_id
    raise Exception("No compute node with id \"%s\"" % id)
Exception: No compute node with id "ssd08_2222"
DEBUG:Monitor:Receive msg from ssd18_2222 type: DeRegisterComputeNode
ERROR:Monitor:No compute node with id "ssd18_2222"
Traceback (most recent call last):
  File "monitor.py", line 127, in message_handler
    self.message_logic(message)
  File "monitor.py", line 149, in message_logic
    self.handle_deregister_compute_node(message_obj)
  File "monitor.py", line 491, in handle_deregister_compute_node
    self.compute_node_manager.remove_compute_node(compute_node_id)
  File "monitor.py", line 653, in remove_compute_node
    compute_node_obj = self.get_compute_node_by_id(compute_node_id)
  File "monitor.py", line 641, in get_compute_node_by_id
    raise Exception("No compute node with id \"%s\"" % id)
Exception: No compute node with id "ssd18_2222"
DEBUG:Monitor:Receive msg from ssd16_2222 type: DeRegisterComputeNode
ERROR:Monitor:No compute node with id "ssd16_2222"
Traceback (most recent call last):
  File "monitor.py", line 127, in message_handler
    self.message_logic(message)
  File "monitor.py", line 149, in message_logic
    self.handle_deregister_compute_node(message_obj)
  File "monitor.py", line 491, in handle_deregister_compute_node
    self.compute_node_manager.remove_compute_node(compute_node_id)
  File "monitor.py", line 653, in remove_compute_node
    compute_node_obj = self.get_compute_node_by_id(compute_node_id)
  File "monitor.py", line 641, in get_compute_node_by_id
    raise Exception("No compute node with id \"%s\"" % id)
Exception: No compute node with id "ssd16_2222"
DEBUG:Monitor:Receive msg from ssd13_2222 type: DeRegisterComputeNode
ERROR:Monitor:No compute node with id "ssd13_2222"
Traceback (most recent call last):
  File "monitor.py", line 127, in message_handler
    self.message_logic(message)
  File "monitor.py", line 149, in message_logic
    self.handle_deregister_compute_node(message_obj)
  File "monitor.py", line 491, in handle_deregister_compute_node
    self.compute_node_manager.remove_compute_node(compute_node_id)
  File "monitor.py", line 653, in remove_compute_node
    compute_node_obj = self.get_compute_node_by_id(compute_node_id)
  File "monitor.py", line 641, in get_compute_node_by_id
    raise Exception("No compute node with id \"%s\"" % id)
Exception: No compute node with id "ssd13_2222"
DEBUG:Monitor:Receive msg from ssd14_2222 type: DeRegisterComputeNode
ERROR:Monitor:No compute node with id "ssd14_2222"
Traceback (most recent call last):
  File "monitor.py", line 127, in message_handler
    self.message_logic(message)
  File "monitor.py", line 149, in message_logic
    self.handle_deregister_compute_node(message_obj)
  File "monitor.py", line 491, in handle_deregister_compute_node
    self.compute_node_manager.remove_compute_node(compute_node_id)
  File "monitor.py", line 653, in remove_compute_node
    compute_node_obj = self.get_compute_node_by_id(compute_node_id)
  File "monitor.py", line 641, in get_compute_node_by_id
    raise Exception("No compute node with id \"%s\"" % id)
Exception: No compute node with id "ssd14_2222"
DEBUG:Monitor:Receive msg from ssd12_2222 type: DeRegisterComputeNode
ERROR:Monitor:No compute node with id "ssd12_2222"
Traceback (most recent call last):
  File "monitor.py", line 127, in message_handler
    self.message_logic(message)
  File "monitor.py", line 149, in message_logic
    self.handle_deregister_compute_node(message_obj)
  File "monitor.py", line 491, in handle_deregister_compute_node
    self.compute_node_manager.remove_compute_node(compute_node_id)
  File "monitor.py", line 653, in remove_compute_node
    compute_node_obj = self.get_compute_node_by_id(compute_node_id)
  File "monitor.py", line 641, in get_compute_node_by_id
    raise Exception("No compute node with id \"%s\"" % id)
Exception: No compute node with id "ssd12_2222"
DEBUG:Monitor:Receive msg from ssd15_2222 type: DeRegisterComputeNode
ERROR:Monitor:No compute node with id "ssd15_2222"
Traceback (most recent call last):
  File "monitor.py", line 127, in message_handler
    self.message_logic(message)
  File "monitor.py", line 149, in message_logic
    self.handle_deregister_compute_node(message_obj)
  File "monitor.py", line 491, in handle_deregister_compute_node
    self.compute_node_manager.remove_compute_node(compute_node_id)
  File "monitor.py", line 653, in remove_compute_node
    compute_node_obj = self.get_compute_node_by_id(compute_node_id)
  File "monitor.py", line 641, in get_compute_node_by_id
    raise Exception("No compute node with id \"%s\"" % id)
Exception: No compute node with id "ssd15_2222"
DEBUG:Monitor:Receive msg from ssd11_2222 type: DeRegisterComputeNode
ERROR:Monitor:No compute node with id "ssd11_2222"
Traceback (most recent call last):
  File "monitor.py", line 127, in message_handler
    self.message_logic(message)
  File "monitor.py", line 149, in message_logic
    self.handle_deregister_compute_node(message_obj)
  File "monitor.py", line 491, in handle_deregister_compute_node
    self.compute_node_manager.remove_compute_node(compute_node_id)
  File "monitor.py", line 653, in remove_compute_node
    compute_node_obj = self.get_compute_node_by_id(compute_node_id)
  File "monitor.py", line 641, in get_compute_node_by_id
    raise Exception("No compute node with id \"%s\"" % id)
Exception: No compute node with id "ssd11_2222"
DEBUG:Monitor:Receive msg from ssd34_2222 type: DeRegisterComputeNode
ERROR:Monitor:No compute node with id "ssd34_2222"
Traceback (most recent call last):
  File "monitor.py", line 127, in message_handler
    self.message_logic(message)
  File "monitor.py", line 149, in message_logic
    self.handle_deregister_compute_node(message_obj)
  File "monitor.py", line 491, in handle_deregister_compute_node
    self.compute_node_manager.remove_compute_node(compute_node_id)
  File "monitor.py", line 653, in remove_compute_node
    compute_node_obj = self.get_compute_node_by_id(compute_node_id)
  File "monitor.py", line 641, in get_compute_node_by_id
    raise Exception("No compute node with id \"%s\"" % id)
Exception: No compute node with id "ssd34_2222"
DEBUG:Monitor:Receive msg from ssd28_2222 type: DeRegisterComputeNode
ERROR:Monitor:No compute node with id "ssd28_2222"
Traceback (most recent call last):
  File "monitor.py", line 127, in message_handler
    self.message_logic(message)
  File "monitor.py", line 149, in message_logic
    self.handle_deregister_compute_node(message_obj)
  File "monitor.py", line 491, in handle_deregister_compute_node
    self.compute_node_manager.remove_compute_node(compute_node_id)
  File "monitor.py", line 653, in remove_compute_node
    compute_node_obj = self.get_compute_node_by_id(compute_node_id)
  File "monitor.py", line 641, in get_compute_node_by_id
    raise Exception("No compute node with id \"%s\"" % id)
Exception: No compute node with id "ssd28_2222"
DEBUG:Monitor:Receive msg from ssd07_2222 type: DeRegisterComputeNode
ERROR:Monitor:No compute node with id "ssd07_2222"
Traceback (most recent call last):
  File "monitor.py", line 127, in message_handler
    self.message_logic(message)
  File "monitor.py", line 149, in message_logic
    self.handle_deregister_compute_node(message_obj)
  File "monitor.py", line 491, in handle_deregister_compute_node
    self.compute_node_manager.remove_compute_node(compute_node_id)
  File "monitor.py", line 653, in remove_compute_node
    compute_node_obj = self.get_compute_node_by_id(compute_node_id)
  File "monitor.py", line 641, in get_compute_node_by_id
    raise Exception("No compute node with id \"%s\"" % id)
Exception: No compute node with id "ssd07_2222"
DEBUG:Monitor:Receive msg from ssd17_2222 type: DeRegisterComputeNode
ERROR:Monitor:No compute node with id "ssd17_2222"
Traceback (most recent call last):
  File "monitor.py", line 127, in message_handler
    self.message_logic(message)
  File "monitor.py", line 149, in message_logic
    self.handle_deregister_compute_node(message_obj)
  File "monitor.py", line 491, in handle_deregister_compute_node
    self.compute_node_manager.remove_compute_node(compute_node_id)
  File "monitor.py", line 653, in remove_compute_node
    compute_node_obj = self.get_compute_node_by_id(compute_node_id)
  File "monitor.py", line 641, in get_compute_node_by_id
    raise Exception("No compute node with id \"%s\"" % id)
Exception: No compute node with id "ssd17_2222"
DEBUG:Monitor:Receive msg from ssd21_2222 type: DeRegisterComputeNode
ERROR:Monitor:No compute node with id "ssd21_2222"
Traceback (most recent call last):
  File "monitor.py", line 127, in message_handler
    self.message_logic(message)
  File "monitor.py", line 149, in message_logic
    self.handle_deregister_compute_node(message_obj)
  File "monitor.py", line 491, in handle_deregister_compute_node
    self.compute_node_manager.remove_compute_node(compute_node_id)
  File "monitor.py", line 653, in remove_compute_node
    compute_node_obj = self.get_compute_node_by_id(compute_node_id)
  File "monitor.py", line 641, in get_compute_node_by_id
    raise Exception("No compute node with id \"%s\"" % id)
Exception: No compute node with id "ssd21_2222"
DEBUG:Monitor:Receive msg from ssd19_2222 type: DeRegisterComputeNode
ERROR:Monitor:No compute node with id "ssd19_2222"
Traceback (most recent call last):
  File "monitor.py", line 127, in message_handler
    self.message_logic(message)
  File "monitor.py", line 149, in message_logic
    self.handle_deregister_compute_node(message_obj)
  File "monitor.py", line 491, in handle_deregister_compute_node
    self.compute_node_manager.remove_compute_node(compute_node_id)
  File "monitor.py", line 653, in remove_compute_node
    compute_node_obj = self.get_compute_node_by_id(compute_node_id)
  File "monitor.py", line 641, in get_compute_node_by_id
    raise Exception("No compute node with id \"%s\"" % id)
Exception: No compute node with id "ssd19_2222"
DEBUG:Monitor:Receive msg from ssd33_2222 type: DeRegisterComputeNode
ERROR:Monitor:No compute node with id "ssd33_2222"
Traceback (most recent call last):
  File "monitor.py", line 127, in message_handler
    self.message_logic(message)
  File "monitor.py", line 149, in message_logic
    self.handle_deregister_compute_node(message_obj)
  File "monitor.py", line 491, in handle_deregister_compute_node
    self.compute_node_manager.remove_compute_node(compute_node_id)
  File "monitor.py", line 653, in remove_compute_node
    compute_node_obj = self.get_compute_node_by_id(compute_node_id)
  File "monitor.py", line 641, in get_compute_node_by_id
    raise Exception("No compute node with id \"%s\"" % id)
Exception: No compute node with id "ssd33_2222"
DEBUG:Monitor:Receive msg from ssd26_2222 type: DeRegisterComputeNode
ERROR:Monitor:No compute node with id "ssd26_2222"
Traceback (most recent call last):
  File "monitor.py", line 127, in message_handler
    self.message_logic(message)
  File "monitor.py", line 149, in message_logic
    self.handle_deregister_compute_node(message_obj)
  File "monitor.py", line 491, in handle_deregister_compute_node
    self.compute_node_manager.remove_compute_node(compute_node_id)
  File "monitor.py", line 653, in remove_compute_node
    compute_node_obj = self.get_compute_node_by_id(compute_node_id)
  File "monitor.py", line 641, in get_compute_node_by_id
    raise Exception("No compute node with id \"%s\"" % id)
Exception: No compute node with id "ssd26_2222"
DEBUG:Monitor:Receive msg from ssd37_2222 type: DeRegisterComputeNode
ERROR:Monitor:No compute node with id "ssd37_2222"
Traceback (most recent call last):
  File "monitor.py", line 127, in message_handler
    self.message_logic(message)
  File "monitor.py", line 149, in message_logic
    self.handle_deregister_compute_node(message_obj)
  File "monitor.py", line 491, in handle_deregister_compute_node
    self.compute_node_manager.remove_compute_node(compute_node_id)
  File "monitor.py", line 653, in remove_compute_node
    compute_node_obj = self.get_compute_node_by_id(compute_node_id)
  File "monitor.py", line 641, in get_compute_node_by_id
    raise Exception("No compute node with id \"%s\"" % id)
Exception: No compute node with id "ssd37_2222"
DEBUG:Monitor:Receive msg from ssd29_2222 type: DeRegisterComputeNode
ERROR:Monitor:No compute node with id "ssd29_2222"
Traceback (most recent call last):
  File "monitor.py", line 127, in message_handler
    self.message_logic(message)
  File "monitor.py", line 149, in message_logic
    self.handle_deregister_compute_node(message_obj)
  File "monitor.py", line 491, in handle_deregister_compute_node
    self.compute_node_manager.remove_compute_node(compute_node_id)
  File "monitor.py", line 653, in remove_compute_node
    compute_node_obj = self.get_compute_node_by_id(compute_node_id)
  File "monitor.py", line 641, in get_compute_node_by_id
    raise Exception("No compute node with id \"%s\"" % id)
Exception: No compute node with id "ssd29_2222"
DEBUG:Monitor:Receive msg from ssd31_2222 type: DeRegisterComputeNode
ERROR:Monitor:No compute node with id "ssd31_2222"
Traceback (most recent call last):
  File "monitor.py", line 127, in message_handler
    self.message_logic(message)
  File "monitor.py", line 149, in message_logic
    self.handle_deregister_compute_node(message_obj)
  File "monitor.py", line 491, in handle_deregister_compute_node
    self.compute_node_manager.remove_compute_node(compute_node_id)
  File "monitor.py", line 653, in remove_compute_node
    compute_node_obj = self.get_compute_node_by_id(compute_node_id)
  File "monitor.py", line 641, in get_compute_node_by_id
    raise Exception("No compute node with id \"%s\"" % id)
Exception: No compute node with id "ssd31_2222"
DEBUG:Monitor:Receive msg from ssd27_2222 type: DeRegisterComputeNode
ERROR:Monitor:No compute node with id "ssd27_2222"
Traceback (most recent call last):
  File "monitor.py", line 127, in message_handler
    self.message_logic(message)
  File "monitor.py", line 149, in message_logic
    self.handle_deregister_compute_node(message_obj)
  File "monitor.py", line 491, in handle_deregister_compute_node
    self.compute_node_manager.remove_compute_node(compute_node_id)
  File "monitor.py", line 653, in remove_compute_node
    compute_node_obj = self.get_compute_node_by_id(compute_node_id)
  File "monitor.py", line 641, in get_compute_node_by_id
    raise Exception("No compute node with id \"%s\"" % id)
Exception: No compute node with id "ssd27_2222"
DEBUG:Monitor:Receive msg from ssd35_2222 type: DeRegisterComputeNode
ERROR:Monitor:No compute node with id "ssd35_2222"
Traceback (most recent call last):
  File "monitor.py", line 127, in message_handler
    self.message_logic(message)
  File "monitor.py", line 149, in message_logic
    self.handle_deregister_compute_node(message_obj)
  File "monitor.py", line 491, in handle_deregister_compute_node
    self.compute_node_manager.remove_compute_node(compute_node_id)
  File "monitor.py", line 653, in remove_compute_node
    compute_node_obj = self.get_compute_node_by_id(compute_node_id)
  File "monitor.py", line 641, in get_compute_node_by_id
    raise Exception("No compute node with id \"%s\"" % id)
Exception: No compute node with id "ssd35_2222"
DEBUG:Monitor:Receive msg from ssd09_2222 type: DeRegisterComputeNode
ERROR:Monitor:No compute node with id "ssd09_2222"
Traceback (most recent call last):
  File "monitor.py", line 127, in message_handler
    self.message_logic(message)
  File "monitor.py", line 149, in message_logic
    self.handle_deregister_compute_node(message_obj)
  File "monitor.py", line 491, in handle_deregister_compute_node
    self.compute_node_manager.remove_compute_node(compute_node_id)
  File "monitor.py", line 653, in remove_compute_node
    compute_node_obj = self.get_compute_node_by_id(compute_node_id)
  File "monitor.py", line 641, in get_compute_node_by_id
    raise Exception("No compute node with id \"%s\"" % id)
Exception: No compute node with id "ssd09_2222"
DEBUG:Monitor:Receive msg from ssd20_2222 type: DeRegisterComputeNode
ERROR:Monitor:No compute node with id "ssd20_2222"
Traceback (most recent call last):
  File "monitor.py", line 127, in message_handler
    self.message_logic(message)
  File "monitor.py", line 149, in message_logic
    self.handle_deregister_compute_node(message_obj)
  File "monitor.py", line 491, in handle_deregister_compute_node
    self.compute_node_manager.remove_compute_node(compute_node_id)
  File "monitor.py", line 653, in remove_compute_node
    compute_node_obj = self.get_compute_node_by_id(compute_node_id)
  File "monitor.py", line 641, in get_compute_node_by_id
    raise Exception("No compute node with id \"%s\"" % id)
Exception: No compute node with id "ssd20_2222"
DEBUG:Monitor:Receive msg from ssd39_2222 type: DeRegisterComputeNode
ERROR:Monitor:No compute node with id "ssd39_2222"
Traceback (most recent call last):
  File "monitor.py", line 127, in message_handler
    self.message_logic(message)
  File "monitor.py", line 149, in message_logic
    self.handle_deregister_compute_node(message_obj)
  File "monitor.py", line 491, in handle_deregister_compute_node
    self.compute_node_manager.remove_compute_node(compute_node_id)
  File "monitor.py", line 653, in remove_compute_node
    compute_node_obj = self.get_compute_node_by_id(compute_node_id)
  File "monitor.py", line 641, in get_compute_node_by_id
    raise Exception("No compute node with id \"%s\"" % id)
Exception: No compute node with id "ssd39_2222"
DEBUG:Monitor:Receive msg from ssd22_2222 type: DeRegisterComputeNode
ERROR:Monitor:No compute node with id "ssd22_2222"
Traceback (most recent call last):
  File "monitor.py", line 127, in message_handler
    self.message_logic(message)
  File "monitor.py", line 149, in message_logic
    self.handle_deregister_compute_node(message_obj)
  File "monitor.py", line 491, in handle_deregister_compute_node
    self.compute_node_manager.remove_compute_node(compute_node_id)
  File "monitor.py", line 653, in remove_compute_node
    compute_node_obj = self.get_compute_node_by_id(compute_node_id)
  File "monitor.py", line 641, in get_compute_node_by_id
    raise Exception("No compute node with id \"%s\"" % id)
Exception: No compute node with id "ssd22_2222"
DEBUG:Monitor:Receive msg from ssd38_2222 type: DeRegisterComputeNode
ERROR:Monitor:No compute node with id "ssd38_2222"
Traceback (most recent call last):
  File "monitor.py", line 127, in message_handler
    self.message_logic(message)
  File "monitor.py", line 149, in message_logic
    self.handle_deregister_compute_node(message_obj)
  File "monitor.py", line 491, in handle_deregister_compute_node
    self.compute_node_manager.remove_compute_node(compute_node_id)
  File "monitor.py", line 653, in remove_compute_node
    compute_node_obj = self.get_compute_node_by_id(compute_node_id)
  File "monitor.py", line 641, in get_compute_node_by_id
    raise Exception("No compute node with id \"%s\"" % id)
Exception: No compute node with id "ssd38_2222"
DEBUG:Monitor:Receive msg from ssd23_2222 type: DeRegisterComputeNode
ERROR:Monitor:No compute node with id "ssd23_2222"
Traceback (most recent call last):
  File "monitor.py", line 127, in message_handler
    self.message_logic(message)
  File "monitor.py", line 149, in message_logic
    self.handle_deregister_compute_node(message_obj)
  File "monitor.py", line 491, in handle_deregister_compute_node
    self.compute_node_manager.remove_compute_node(compute_node_id)
  File "monitor.py", line 653, in remove_compute_node
    compute_node_obj = self.get_compute_node_by_id(compute_node_id)
  File "monitor.py", line 641, in get_compute_node_by_id
    raise Exception("No compute node with id \"%s\"" % id)
Exception: No compute node with id "ssd23_2222"
DEBUG:Monitor:Receive msg from ssd24_2222 type: DeRegisterComputeNode
ERROR:Monitor:No compute node with id "ssd24_2222"
Traceback (most recent call last):
  File "monitor.py", line 127, in message_handler
    self.message_logic(message)
  File "monitor.py", line 149, in message_logic
    self.handle_deregister_compute_node(message_obj)
  File "monitor.py", line 491, in handle_deregister_compute_node
    self.compute_node_manager.remove_compute_node(compute_node_id)
  File "monitor.py", line 653, in remove_compute_node
    compute_node_obj = self.get_compute_node_by_id(compute_node_id)
  File "monitor.py", line 641, in get_compute_node_by_id
    raise Exception("No compute node with id \"%s\"" % id)
Exception: No compute node with id "ssd24_2222"
DEBUG:Monitor:Receive msg from ssd32_2222 type: DeRegisterComputeNode
ERROR:Monitor:No compute node with id "ssd32_2222"
Traceback (most recent call last):
  File "monitor.py", line 127, in message_handler
    self.message_logic(message)
  File "monitor.py", line 149, in message_logic
    self.handle_deregister_compute_node(message_obj)
  File "monitor.py", line 491, in handle_deregister_compute_node
    self.compute_node_manager.remove_compute_node(compute_node_id)
  File "monitor.py", line 653, in remove_compute_node
    compute_node_obj = self.get_compute_node_by_id(compute_node_id)
  File "monitor.py", line 641, in get_compute_node_by_id
    raise Exception("No compute node with id \"%s\"" % id)
Exception: No compute node with id "ssd32_2222"
DEBUG:Monitor:Receive msg from ssd41_2222 type: DeRegisterComputeNode
ERROR:Monitor:No compute node with id "ssd41_2222"
Traceback (most recent call last):
  File "monitor.py", line 127, in message_handler
    self.message_logic(message)
  File "monitor.py", line 149, in message_logic
    self.handle_deregister_compute_node(message_obj)
  File "monitor.py", line 491, in handle_deregister_compute_node
    self.compute_node_manager.remove_compute_node(compute_node_id)
  File "monitor.py", line 653, in remove_compute_node
    compute_node_obj = self.get_compute_node_by_id(compute_node_id)
  File "monitor.py", line 641, in get_compute_node_by_id
    raise Exception("No compute node with id \"%s\"" % id)
Exception: No compute node with id "ssd41_2222"
DEBUG:Monitor:Receive msg from ssd30_2222 type: DeRegisterComputeNode
ERROR:Monitor:No compute node with id "ssd30_2222"
Traceback (most recent call last):
  File "monitor.py", line 127, in message_handler
    self.message_logic(message)
  File "monitor.py", line 149, in message_logic
    self.handle_deregister_compute_node(message_obj)
  File "monitor.py", line 491, in handle_deregister_compute_node
    self.compute_node_manager.remove_compute_node(compute_node_id)
  File "monitor.py", line 653, in remove_compute_node
    compute_node_obj = self.get_compute_node_by_id(compute_node_id)
  File "monitor.py", line 641, in get_compute_node_by_id
    raise Exception("No compute node with id \"%s\"" % id)
Exception: No compute node with id "ssd30_2222"
DEBUG:Monitor:Receive msg from ssd42_2222 type: DeRegisterComputeNode
ERROR:Monitor:No compute node with id "ssd42_2222"
Traceback (most recent call last):
  File "monitor.py", line 127, in message_handler
    self.message_logic(message)
  File "monitor.py", line 149, in message_logic
    self.handle_deregister_compute_node(message_obj)
  File "monitor.py", line 491, in handle_deregister_compute_node
    self.compute_node_manager.remove_compute_node(compute_node_id)
  File "monitor.py", line 653, in remove_compute_node
    compute_node_obj = self.get_compute_node_by_id(compute_node_id)
  File "monitor.py", line 641, in get_compute_node_by_id
    raise Exception("No compute node with id \"%s\"" % id)
Exception: No compute node with id "ssd42_2222"
DEBUG:Monitor:Receive msg from ssd40_2222 type: DeRegisterComputeNode
ERROR:Monitor:No compute node with id "ssd40_2222"
Traceback (most recent call last):
  File "monitor.py", line 127, in message_handler
    self.message_logic(message)
  File "monitor.py", line 149, in message_logic
    self.handle_deregister_compute_node(message_obj)
  File "monitor.py", line 491, in handle_deregister_compute_node
    self.compute_node_manager.remove_compute_node(compute_node_id)
  File "monitor.py", line 653, in remove_compute_node
    compute_node_obj = self.get_compute_node_by_id(compute_node_id)
  File "monitor.py", line 641, in get_compute_node_by_id
    raise Exception("No compute node with id \"%s\"" % id)
Exception: No compute node with id "ssd40_2222"
DEBUG:Monitor:Receive msg from ssd25_2222 type: DeRegisterComputeNode
ERROR:Monitor:No compute node with id "ssd25_2222"
Traceback (most recent call last):
  File "monitor.py", line 127, in message_handler
    self.message_logic(message)
  File "monitor.py", line 149, in message_logic
    self.handle_deregister_compute_node(message_obj)
  File "monitor.py", line 491, in handle_deregister_compute_node
    self.compute_node_manager.remove_compute_node(compute_node_id)
  File "monitor.py", line 653, in remove_compute_node
    compute_node_obj = self.get_compute_node_by_id(compute_node_id)
  File "monitor.py", line 641, in get_compute_node_by_id
    raise Exception("No compute node with id \"%s\"" % id)
Exception: No compute node with id "ssd25_2222"
DEBUG:Monitor:Receive msg from ssd10_2222 type: DeRegisterComputeNode
ERROR:Monitor:No compute node with id "ssd10_2222"
Traceback (most recent call last):
  File "monitor.py", line 127, in message_handler
    self.message_logic(message)
  File "monitor.py", line 149, in message_logic
    self.handle_deregister_compute_node(message_obj)
  File "monitor.py", line 491, in handle_deregister_compute_node
    self.compute_node_manager.remove_compute_node(compute_node_id)
  File "monitor.py", line 653, in remove_compute_node
    compute_node_obj = self.get_compute_node_by_id(compute_node_id)
  File "monitor.py", line 641, in get_compute_node_by_id
    raise Exception("No compute node with id \"%s\"" % id)
Exception: No compute node with id "ssd10_2222"
DEBUG:Monitor:Receive msg from ssd36_2222 type: DeRegisterComputeNode
ERROR:Monitor:No compute node with id "ssd36_2222"
Traceback (most recent call last):
  File "monitor.py", line 127, in message_handler
    self.message_logic(message)
  File "monitor.py", line 149, in message_logic
    self.handle_deregister_compute_node(message_obj)
  File "monitor.py", line 491, in handle_deregister_compute_node
    self.compute_node_manager.remove_compute_node(compute_node_id)
  File "monitor.py", line 653, in remove_compute_node
    compute_node_obj = self.get_compute_node_by_id(compute_node_id)
  File "monitor.py", line 641, in get_compute_node_by_id
    raise Exception("No compute node with id \"%s\"" % id)
Exception: No compute node with id "ssd36_2222"
DEBUG:Monitor:Receive msg from ssd09_2222 type: RegisterAgent
INFO:ComputeNodeManager:ssd09:2222 register as an agent
DEBUG:Monitor:Receive msg from ssd15_2222 type: RegisterAgent
INFO:ComputeNodeManager:ssd15:2222 register as an agent
DEBUG:Monitor:Receive msg from ssd27_2222 type: RegisterAgent
INFO:ComputeNodeManager:ssd27:2222 register as an agent
DEBUG:Monitor:Receive msg from ssd08_2222 type: RegisterAgent
INFO:ComputeNodeManager:ssd08:2222 register as an agent
DEBUG:Monitor:Receive msg from ssd11_2222 type: RegisterAgent
INFO:ComputeNodeManager:ssd11:2222 register as an agent
DEBUG:Monitor:Receive msg from ssd20_2222 type: RegisterAgent
INFO:ComputeNodeManager:ssd20:2222 register as an agent
DEBUG:Monitor:Receive msg from ssd14_2222 type: RegisterAgent
INFO:ComputeNodeManager:ssd14:2222 register as an agent
DEBUG:Monitor:Receive msg from ssd22_2222 type: RegisterAgent
INFO:ComputeNodeManager:ssd22:2222 register as an agent
DEBUG:Monitor:Receive msg from ssd17_2222 type: RegisterAgent
INFO:ComputeNodeManager:ssd17:2222 register as an agent
DEBUG:Monitor:Receive msg from ssd26_2222 type: RegisterAgent
INFO:ComputeNodeManager:ssd26:2222 register as an agent
DEBUG:Monitor:Receive msg from ssd16_2222 type: RegisterAgent
INFO:ComputeNodeManager:ssd16:2222 register as an agent
DEBUG:Monitor:Receive msg from ssd24_2222 type: RegisterAgent
INFO:ComputeNodeManager:ssd24:2222 register as an agent
DEBUG:Monitor:Receive msg from ssd23_2222 type: RegisterAgent
INFO:ComputeNodeManager:ssd23:2222 register as an agent
DEBUG:Monitor:Receive msg from ssd10_2222 type: RegisterAgent
INFO:ComputeNodeManager:ssd10:2222 register as an agent
DEBUG:Monitor:Receive msg from ssd13_2222 type: RegisterAgent
INFO:ComputeNodeManager:ssd13:2222 register as an agent
DEBUG:Monitor:Receive msg from ssd32_2222 type: RegisterAgent
INFO:ComputeNodeManager:ssd32:2222 register as an agent
DEBUG:Monitor:Receive msg from ssd18_2222 type: RegisterAgent
INFO:ComputeNodeManager:ssd18:2222 register as an agent
DEBUG:Monitor:Receive msg from ssd21_2222 type: RegisterAgent
INFO:ComputeNodeManager:ssd21:2222 register as an agent
DEBUG:Monitor:Receive msg from ssd25_2222 type: RegisterAgent
INFO:ComputeNodeManager:ssd25:2222 register as an agent
DEBUG:Monitor:Receive msg from ssd33_2222 type: RegisterAgent
INFO:ComputeNodeManager:ssd33:2222 register as an agent
DEBUG:Monitor:Receive msg from ssd19_2222 type: RegisterAgent
INFO:ComputeNodeManager:ssd19:2222 register as an agent
DEBUG:Monitor:Receive msg from ssd41_2222 type: RegisterAgent
INFO:ComputeNodeManager:ssd41:2222 register as an agent
DEBUG:Monitor:Receive msg from ssd37_2222 type: RegisterAgent
INFO:ComputeNodeManager:ssd37:2222 register as an agent
DEBUG:Monitor:Receive msg from ssd39_2222 type: RegisterAgent
INFO:ComputeNodeManager:ssd39:2222 register as an agent
DEBUG:Monitor:Receive msg from ssd07_2222 type: RegisterAgent
INFO:ComputeNodeManager:ssd07:2222 register as an agent
DEBUG:Monitor:Receive msg from ssd28_2222 type: RegisterAgent
INFO:ComputeNodeManager:ssd28:2222 register as an agent
DEBUG:Monitor:Receive msg from ssd30_2222 type: RegisterAgent
INFO:ComputeNodeManager:ssd30:2222 register as an agent
DEBUG:Monitor:Receive msg from ssd35_2222 type: RegisterAgent
INFO:ComputeNodeManager:ssd35:2222 register as an agent
DEBUG:Monitor:Receive msg from ssd12_2222 type: RegisterAgent
INFO:ComputeNodeManager:ssd12:2222 register as an agent
DEBUG:Monitor:Receive msg from ssd38_2222 type: RegisterAgent
INFO:ComputeNodeManager:ssd38:2222 register as an agent
DEBUG:Monitor:Receive msg from ssd34_2222 type: RegisterAgent
INFO:ComputeNodeManager:ssd34:2222 register as an agent
DEBUG:Monitor:Receive msg from ssd31_2222 type: RegisterAgent
INFO:ComputeNodeManager:ssd31:2222 register as an agent
DEBUG:Monitor:Receive msg from ssd42_2222 type: RegisterAgent
INFO:ComputeNodeManager:ssd42:2222 register as an agent
DEBUG:Monitor:Receive msg from ssd40_2222 type: RegisterAgent
INFO:ComputeNodeManager:ssd40:2222 register as an agent
DEBUG:Monitor:Receive msg from ssd29_2222 type: RegisterAgent
INFO:ComputeNodeManager:ssd29:2222 register as an agent
DEBUG:Monitor:Receive msg from ssd36_2222 type: RegisterAgent
INFO:ComputeNodeManager:ssd36:2222 register as an agent
DEBUG:Monitor:Receive msg from client_5a2e72e4-b9fa-11e7-826b-1866da5fdbef type: StartJob
DEBUG:root:Generated LHS conf list: [{"ps_num": 2, "worker_num": 34, "inter_op_parallelism_threads": 3, "intra_op_parallelism_threads": 13}, {"ps_num": 23, "worker_num": 13, "inter_op_parallelism_threads": 9, "intra_op_parallelism_threads": 7}, {"ps_num": 13, "worker_num": 23, "inter_op_parallelism_threads": 13, "intra_op_parallelism_threads": 3}, {"ps_num": 20, "worker_num": 16, "inter_op_parallelism_threads": 10, "intra_op_parallelism_threads": 6}, {"ps_num": 6, "worker_num": 30, "inter_op_parallelism_threads": 4, "intra_op_parallelism_threads": 12}, {"ps_num": 30, "worker_num": 6, "inter_op_parallelism_threads": 15, "intra_op_parallelism_threads": 1}, {"ps_num": 9, "worker_num": 27, "inter_op_parallelism_threads": 7, "intra_op_parallelism_threads": 9}, {"ps_num": 16, "worker_num": 20, "inter_op_parallelism_threads": 12, "intra_op_parallelism_threads": 4}, {"ps_num": 34, "worker_num": 2, "inter_op_parallelism_threads": 6, "intra_op_parallelism_threads": 10}, {"ps_num": 27, "worker_num": 9, "inter_op_parallelism_threads": 1, "intra_op_parallelism_threads": 15}] 
INFO:queue:Send message from 'monitor' to 'ssd09_2222' type: StartProcess
DEBUG:amqp:Start from server, version: 0.9, properties: {'information': 'Licensed under the MPL.  See http://www.rabbitmq.com/', 'product': 'RabbitMQ', 'copyright': 'Copyright (C) 2007-2014 GoPivotal, Inc.', 'capabilities': {'exchange_exchange_bindings': True, 'connection.blocked': True, 'authentication_failure_close': True, 'basic.nack': True, 'per_consumer_qos': True, 'consumer_priorities': True, 'consumer_cancel_notify': True, 'publisher_confirms': True}, 'cluster_name': 'rabbit@ssd02.dbg.private', 'platform': 'Erlang/OTP', 'version': '3.3.5'}, mechanisms: ['AMQPLAIN', 'PLAIN'], locales: [u'en_US']
DEBUG:amqp:using channel_id: 1
DEBUG:amqp:Channel open
INFO:queue:Send message from 'monitor' to 'ssd15_2222' type: StartProcess
INFO:queue:Send message from 'monitor' to 'ssd27_2222' type: StartProcess
INFO:queue:Send message from 'monitor' to 'ssd08_2222' type: StartProcess
INFO:queue:Send message from 'monitor' to 'ssd11_2222' type: StartProcess
INFO:queue:Send message from 'monitor' to 'ssd20_2222' type: StartProcess
INFO:queue:Send message from 'monitor' to 'ssd14_2222' type: StartProcess
INFO:queue:Send message from 'monitor' to 'ssd22_2222' type: StartProcess
INFO:queue:Send message from 'monitor' to 'ssd17_2222' type: StartProcess
INFO:queue:Send message from 'monitor' to 'ssd26_2222' type: StartProcess
INFO:queue:Send message from 'monitor' to 'ssd16_2222' type: StartProcess
INFO:queue:Send message from 'monitor' to 'ssd24_2222' type: StartProcess
INFO:queue:Send message from 'monitor' to 'ssd23_2222' type: StartProcess
INFO:queue:Send message from 'monitor' to 'ssd10_2222' type: StartProcess
INFO:queue:Send message from 'monitor' to 'ssd13_2222' type: StartProcess
INFO:queue:Send message from 'monitor' to 'ssd32_2222' type: StartProcess
INFO:queue:Send message from 'monitor' to 'ssd18_2222' type: StartProcess
INFO:queue:Send message from 'monitor' to 'ssd21_2222' type: StartProcess
INFO:queue:Send message from 'monitor' to 'ssd25_2222' type: StartProcess
INFO:queue:Send message from 'monitor' to 'ssd33_2222' type: StartProcess
INFO:queue:Send message from 'monitor' to 'ssd19_2222' type: StartProcess
INFO:queue:Send message from 'monitor' to 'ssd41_2222' type: StartProcess
INFO:queue:Send message from 'monitor' to 'ssd37_2222' type: StartProcess
INFO:queue:Send message from 'monitor' to 'ssd39_2222' type: StartProcess
INFO:queue:Send message from 'monitor' to 'ssd07_2222' type: StartProcess
INFO:queue:Send message from 'monitor' to 'ssd28_2222' type: StartProcess
INFO:queue:Send message from 'monitor' to 'ssd30_2222' type: StartProcess
INFO:queue:Send message from 'monitor' to 'ssd35_2222' type: StartProcess
INFO:queue:Send message from 'monitor' to 'ssd12_2222' type: StartProcess
INFO:queue:Send message from 'monitor' to 'ssd38_2222' type: StartProcess
INFO:queue:Send message from 'monitor' to 'ssd34_2222' type: StartProcess
INFO:queue:Send message from 'monitor' to 'ssd31_2222' type: StartProcess
INFO:queue:Send message from 'monitor' to 'ssd42_2222' type: StartProcess
INFO:queue:Send message from 'monitor' to 'ssd40_2222' type: StartProcess
INFO:queue:Send message from 'monitor' to 'ssd29_2222' type: StartProcess
INFO:queue:Send message from 'monitor' to 'ssd36_2222' type: StartProcess
INFO:queue:Send message from 'monitor' to 'client_5a2e72e4-b9fa-11e7-826b-1866da5fdbef' type: ReplyStartJob
DEBUG:Monitor:Receive msg from ssd36_2222 type: SendRecoveryTime
DEBUG:Monitor:Receive msg from ssd38_2222 type: UpdateNumOfSteps
DEBUG:Monitor:Last global step: 0, update step: 1
DEBUG:Monitor:Receive msg from ssd12_2222 type: UpdateNumOfSteps
DEBUG:Monitor:Last global step: 1, update step: 1
DEBUG:Monitor:Receive msg from ssd31_2222 type: UpdateNumOfSteps
DEBUG:Monitor:Last global step: 1, update step: 1
DEBUG:Monitor:Receive msg from ssd40_2222 type: UpdateNumOfSteps
DEBUG:Monitor:Last global step: 1, update step: 1
DEBUG:Monitor:Receive msg from ssd29_2222 type: UpdateNumOfSteps
DEBUG:Monitor:Last global step: 1, update step: 1
DEBUG:Monitor:Receive msg from ssd36_2222 type: UpdateNumOfSteps
DEBUG:Monitor:Last global step: 1, update step: 1
DEBUG:Monitor:Receive msg from ssd34_2222 type: UpdateNumOfSteps
DEBUG:Monitor:Last global step: 1, update step: 1
DEBUG:Monitor:Receive msg from ssd42_2222 type: UpdateNumOfSteps
DEBUG:Monitor:Last global step: 1, update step: 1
DEBUG:Monitor:Receive msg from ssd35_2222 type: UpdateNumOfSteps
DEBUG:Monitor:Last global step: 1, update step: 1
DEBUG:Monitor:Receive msg from ssd38_2222 type: UpdateNumOfSteps
DEBUG:Monitor:Last global step: 1, update step: 10
DEBUG:Monitor:Receive msg from ssd12_2222 type: UpdateNumOfSteps
DEBUG:Monitor:Last global step: 10, update step: 10
DEBUG:Monitor:Receive msg from ssd31_2222 type: UpdateNumOfSteps
DEBUG:Monitor:Last global step: 10, update step: 12
DEBUG:Monitor:Receive msg from ssd29_2222 type: UpdateNumOfSteps
DEBUG:Monitor:Last global step: 12, update step: 12
DEBUG:Monitor:Receive msg from ssd42_2222 type: UpdateNumOfSteps
DEBUG:Monitor:Last global step: 12, update step: 12
DEBUG:Monitor:Receive msg from ssd40_2222 type: UpdateNumOfSteps
DEBUG:Monitor:Last global step: 12, update step: 12
DEBUG:Monitor:Receive msg from ssd36_2222 type: UpdateNumOfSteps
DEBUG:Monitor:Last global step: 12, update step: 12
DEBUG:Monitor:Receive msg from ssd35_2222 type: UpdateNumOfSteps
DEBUG:Monitor:Last global step: 12, update step: 12
DEBUG:Monitor:Receive msg from ssd34_2222 type: UpdateNumOfSteps
DEBUG:Monitor:Last global step: 12, update step: 12
DEBUG:Monitor:Receive msg from ssd38_2222 type: UpdateNumOfSteps
DEBUG:Monitor:Last global step: 12, update step: 18
DEBUG:Monitor:Receive msg from ssd12_2222 type: UpdateNumOfSteps
DEBUG:Monitor:Last global step: 18, update step: 19
DEBUG:Monitor:Receive msg from ssd31_2222 type: UpdateNumOfSteps
DEBUG:Monitor:Last global step: 19, update step: 21
DEBUG:Monitor:Receive msg from ssd29_2222 type: UpdateNumOfSteps
DEBUG:Monitor:Last global step: 21, update step: 21
DEBUG:Monitor:Receive msg from ssd42_2222 type: UpdateNumOfSteps
DEBUG:Monitor:Last global step: 21, update step: 23
DEBUG:Monitor:Receive msg from ssd40_2222 type: UpdateNumOfSteps
DEBUG:Monitor:Last global step: 23, update step: 23
DEBUG:Monitor:Receive msg from ssd35_2222 type: UpdateNumOfSteps
DEBUG:Monitor:Last global step: 23, update step: 23
DEBUG:Monitor:Receive msg from ssd34_2222 type: UpdateNumOfSteps
DEBUG:Monitor:Last global step: 23, update step: 23
DEBUG:Monitor:Receive msg from ssd36_2222 type: UpdateNumOfSteps
DEBUG:Monitor:Last global step: 23, update step: 23
DEBUG:Monitor:Receive msg from ssd12_2222 type: UpdateNumOfSteps
DEBUG:Monitor:Last global step: 23, update step: 24
DEBUG:Monitor:Receive msg from ssd38_2222 type: UpdateNumOfSteps
DEBUG:Monitor:Last global step: 24, update step: 24
DEBUG:Monitor:Receive msg from ssd31_2222 type: UpdateNumOfSteps
DEBUG:Monitor:Last global step: 24, update step: 30
DEBUG:Monitor:Receive msg from ssd29_2222 type: UpdateNumOfSteps
DEBUG:Monitor:Last global step: 30, update step: 30
DEBUG:Monitor:Receive msg from ssd42_2222 type: UpdateNumOfSteps
DEBUG:Monitor:Last global step: 30, update step: 32
DEBUG:Monitor:Receive msg from ssd42_2222 type: NaturalFinishML
INFO:Monitor:Job SVM_1026_030416 is finished, duration:13.504608 s
DEBUG:Monitor:Receive msg from ssd42_2222 type: FinishProcess
DEBUG:root:ssd12_2222 is not finish
DEBUG:root:ssd38_2222 is not finish
DEBUG:root:ssd27_2222 is not finish
DEBUG:root:ssd14_2222 is not finish
DEBUG:root:ssd31_2222 is not finish
DEBUG:root:ssd23_2222 is not finish
DEBUG:root:ssd15_2222 is not finish
DEBUG:root:ssd40_2222 is not finish
DEBUG:root:ssd35_2222 is not finish
DEBUG:root:ssd24_2222 is not finish
DEBUG:root:ssd33_2222 is not finish
DEBUG:root:ssd19_2222 is not finish
DEBUG:root:ssd16_2222 is not finish
DEBUG:root:ssd10_2222 is not finish
DEBUG:root:ssd32_2222 is not finish
DEBUG:root:ssd25_2222 is not finish
DEBUG:root:ssd11_2222 is not finish
DEBUG:root:ssd21_2222 is not finish
DEBUG:root:ssd13_2222 is not finish
DEBUG:root:ssd34_2222 is not finish
DEBUG:root:ssd09_2222 is not finish
DEBUG:root:ssd22_2222 is not finish
DEBUG:root:ssd30_2222 is not finish
DEBUG:root:ssd17_2222 is not finish
DEBUG:root:ssd41_2222 is not finish
DEBUG:root:ssd26_2222 is not finish
DEBUG:root:ssd37_2222 is not finish
DEBUG:root:ssd20_2222 is not finish
DEBUG:root:ssd07_2222 is not finish
DEBUG:root:ssd36_2222 is not finish
DEBUG:root:ssd28_2222 is not finish
DEBUG:root:ssd18_2222 is not finish
DEBUG:root:ssd08_2222 is not finish
DEBUG:root:ssd39_2222 is not finish
DEBUG:root:ssd29_2222 is not finish
DEBUG:Monitor:Receive msg from ssd40_2222 type: UpdateNumOfSteps
DEBUG:Monitor:Last global step: 32, update step: 32
DEBUG:Monitor:Receive msg from ssd35_2222 type: UpdateNumOfSteps
DEBUG:Monitor:Last global step: 32, update step: 32
DEBUG:Monitor:Receive msg from ssd12_2222 type: UpdateNumOfSteps
DEBUG:Monitor:Last global step: 32, update step: 33
DEBUG:Monitor:Receive msg from ssd12_2222 type: NaturalFinishML
INFO:Monitor:Job SVM_1026_030416 is finished, duration:14.039642 s
